<?xml version="1.0" encoding="UTF-8"?>
<coverage generated="1662158903787" clover="3.2.0">
  <project timestamp="1662158903787" name="All files">
    <metrics statements="7" coveredstatements="7" conditionals="0" coveredconditionals="0" methods="2" coveredmethods="2" elements="9" coveredelements="9" complexity="0" loc="7" ncloc="7" packages="1" files="2" classes="2"/>
    <file name="commentCounter.js" path="D:\Lokura\Microverse\Second Module\Block 5\Capstone2\src\modules\tests\mocks\commentCounter.js">
      <metrics statements="4" coveredstatements="4" conditionals="0" coveredconditionals="0" methods="1" coveredmethods="1"/>
      <line num="1" count="1" type="stmt"/>
      <line num="27" count="1" type="stmt"/>
      <line num="28" count="1" type="stmt"/>
      <line num="29" count="1" type="stmt"/>
    </file>
    <file name="itemCounter.js" path="D:\Lokura\Microverse\Second Module\Block 5\Capstone2\src\modules\tests\mocks\itemCounter.js">
      <metrics statements="3" coveredstatements="3" conditionals="0" coveredconditionals="0" methods="1" coveredmethods="1"/>
      <line num="1" count="1" type="stmt"/>
      <line num="2" count="2" type="stmt"/>
      <line num="3" count="2" type="stmt"/>
    </file>
  </project>
</coverage>
