{"D:\\Lokura\\Microverse\\Second Module\\Block 5\\Capstone2\\src\\modules\\itemCounter.js": {"path":"D:\\Lokura\\Microverse\\Second Module\\Block 5\\Capstone2\\src\\modules\\itemCounter.js","statementMap":{"0":{"start":{"line":1,"column":21},"end":{"line":7,"column":1}},"1":{"start":{"line":2,"column":18},"end":{"line":2,"column":34}},"2":{"start":{"line":3,"column":19},"end":{"line":3,"column":39}},"3":{"start":{"line":4,"column":19},"end":{"line":4,"column":40}},"4":{"start":{"line":5,"column":16},"end":{"line":5,"column":31}},"5":{"start":{"line":6,"column":2},"end":{"line":6,"column":15}}},"fnMap":{"0":{"name":"(anonymous_0)","decl":{"start":{"line":1,"column":21},"end":{"line":1,"column":22}},"loc":{"start":{"line":1,"column":36},"end":{"line":7,"column":1}},"line":1}},"branchMap":{},"s":{"0":1,"1":0,"2":0,"3":0,"4":0,"5":0},"f":{"0":0},"b":{},"_coverageSchema":"1a1c01bbd47fc00a2c39e90264f33305004495a9","hash":"ee731b73ab52e2624c60af9d84e6347d54af84ca"}
,"D:\\Lokura\\Microverse\\Second Module\\Block 5\\Capstone2\\src\\modules\\tests\\mocks\\commentCounter.js": {"path":"D:\\Lokura\\Microverse\\Second Module\\Block 5\\Capstone2\\src\\modules\\tests\\mocks\\commentCounter.js","statementMap":{"0":{"start":{"line":1,"column":20},"end":{"line":25,"column":4}},"1":{"start":{"line":27,"column":25},"end":{"line":30,"column":3}},"2":{"start":{"line":28,"column":20},"end":{"line":28,"column":31}},"3":{"start":{"line":29,"column":4},"end":{"line":29,"column":26}}},"fnMap":{"0":{"name":"(anonymous_0)","decl":{"start":{"line":27,"column":25},"end":{"line":27,"column":26}},"loc":{"start":{"line":27,"column":31},"end":{"line":30,"column":3}},"line":27}},"branchMap":{},"s":{"0":1,"1":1,"2":1,"3":1},"f":{"0":1},"b":{},"_coverageSchema":"1a1c01bbd47fc00a2c39e90264f33305004495a9","hash":"516405c38884d431c1621ae2564fa7c5f4134cae"}
}
