{"D:\\Lokura\\Microverse\\Second Module\\Block 5\\Capstone2\\src\\modules\\tests\\mocks\\commentCounter.js": {"path":"D:\\Lokura\\Microverse\\Second Module\\Block 5\\Capstone2\\src\\modules\\tests\\mocks\\commentCounter.js","statementMap":{"0":{"start":{"line":1,"column":20},"end":{"line":25,"column":4}},"1":{"start":{"line":27,"column":25},"end":{"line":30,"column":3}},"2":{"start":{"line":28,"column":20},"end":{"line":28,"column":31}},"3":{"start":{"line":29,"column":4},"end":{"line":29,"column":26}}},"fnMap":{"0":{"name":"(anonymous_0)","decl":{"start":{"line":27,"column":25},"end":{"line":27,"column":26}},"loc":{"start":{"line":27,"column":31},"end":{"line":30,"column":3}},"line":27}},"branchMap":{},"s":{"0":1,"1":1,"2":1,"3":1},"f":{"0":1},"b":{},"_coverageSchema":"1a1c01bbd47fc00a2c39e90264f33305004495a9","hash":"516405c38884d431c1621ae2564fa7c5f4134cae"}
,"D:\\Lokura\\Microverse\\Second Module\\Block 5\\Capstone2\\src\\modules\\tests\\mocks\\itemCounter.js": {"path":"D:\\Lokura\\Microverse\\Second Module\\Block 5\\Capstone2\\src\\modules\\tests\\mocks\\itemCounter.js","statementMap":{"0":{"start":{"line":1,"column":20},"end":{"line":4,"column":1}},"1":{"start":{"line":2,"column":16},"end":{"line":2,"column":26}},"2":{"start":{"line":3,"column":2},"end":{"line":3,"column":15}}},"fnMap":{"0":{"name":"(anonymous_0)","decl":{"start":{"line":1,"column":20},"end":{"line":1,"column":21}},"loc":{"start":{"line":1,"column":29},"end":{"line":4,"column":1}},"line":1}},"branchMap":{},"s":{"0":1,"1":2,"2":2},"f":{"0":2},"b":{},"_coverageSchema":"1a1c01bbd47fc00a2c39e90264f33305004495a9","hash":"488df47cb4189a131874281270c15dc991fb7f66"}
}
